<?xml version="1.0" encoding="UTF-8"?><testsuite errors="0" failures="1" name="Academy Choucair" skipped="0" tests="1" time="24.68" timestamp="2021-09-23 09:32:16"><testcase name="Search for a automation at the academy Choucair"><failure message="Expected enabled element was not enabled" type="net.thucydides.core.webdriver.exceptions.ElementShouldBeEnabledException">Expected enabled element was not enabled</failure><system-err>Expected enabled element was not enabled&#13;
tasks.Login.performAs(Login.java:25)&#13;
stepdefinitions.ChoucairAcademyStepDefintions.thanJohnFWantsToLearAutomationAtTheAcademyChoucair(ChoucairAcademyStepDefintions.java:29)&#13;
cucumber.runner.Runner.runPickle(Runner.java:80)&#13;
</system-err></testcase></testsuite>